Determining if the pthread_create exist failed with the following output:
Change Dir: /home/chenshengchen/New_lamp_control/rdl_ws/build/CMakeFiles/CMakeTmp

Run Build Command:"/usr/bin/make" "cmTC_a6dff/fast"
/usr/bin/make -f CMakeFiles/cmTC_a6dff.dir/build.make CMakeFiles/cmTC_a6dff.dir/build
make[1]: Entering directory '/home/chenshengchen/New_lamp_control/rdl_ws/build/CMakeFiles/CMakeTmp'
Building C object CMakeFiles/cmTC_a6dff.dir/CheckSymbolExists.c.o
/usr/bin/cc     -o CMakeFiles/cmTC_a6dff.dir/CheckSymbolExists.c.o   -c /home/chenshengchen/New_lamp_control/rdl_ws/build/CMakeFiles/CMakeTmp/CheckSymbolExists.c
Linking C executable cmTC_a6dff
/usr/bin/cmake -E cmake_link_script CMakeFiles/cmTC_a6dff.dir/link.txt --verbose=1
/usr/bin/cc       CMakeFiles/cmTC_a6dff.dir/CheckSymbolExists.c.o  -o cmTC_a6dff -rdynamic 
CMakeFiles/cmTC_a6dff.dir/CheckSymbolExists.c.o: In function `main':
CheckSymbolExists.c:(.text+0x16): undefined reference to `pthread_create'
collect2: error: ld returned 1 exit status
CMakeFiles/cmTC_a6dff.dir/build.make:97: recipe for target 'cmTC_a6dff' failed
make[1]: *** [cmTC_a6dff] Error 1
make[1]: Leaving directory '/home/chenshengchen/New_lamp_control/rdl_ws/build/CMakeFiles/CMakeTmp'
Makefile:126: recipe for target 'cmTC_a6dff/fast' failed
make: *** [cmTC_a6dff/fast] Error 2

File /home/chenshengchen/New_lamp_control/rdl_ws/build/CMakeFiles/CMakeTmp/CheckSymbolExists.c:
/* */
#include <pthread.h>

int main(int argc, char** argv)
{
  (void)argv;
#ifndef pthread_create
  return ((int*)(&pthread_create))[argc];
#else
  (void)argc;
  return 0;
#endif
}

Determining if the function pthread_create exists in the pthreads failed with the following output:
Change Dir: /home/chenshengchen/New_lamp_control/rdl_ws/build/CMakeFiles/CMakeTmp

Run Build Command:"/usr/bin/make" "cmTC_ce145/fast"
/usr/bin/make -f CMakeFiles/cmTC_ce145.dir/build.make CMakeFiles/cmTC_ce145.dir/build
make[1]: Entering directory '/home/chenshengchen/New_lamp_control/rdl_ws/build/CMakeFiles/CMakeTmp'
Building C object CMakeFiles/cmTC_ce145.dir/CheckFunctionExists.c.o
/usr/bin/cc    -DCHECK_FUNCTION_EXISTS=pthread_create   -o CMakeFiles/cmTC_ce145.dir/CheckFunctionExists.c.o   -c /usr/share/cmake-3.5/Modules/CheckFunctionExists.c
Linking C executable cmTC_ce145
/usr/bin/cmake -E cmake_link_script CMakeFiles/cmTC_ce145.dir/link.txt --verbose=1
/usr/bin/cc   -DCHECK_FUNCTION_EXISTS=pthread_create    CMakeFiles/cmTC_ce145.dir/CheckFunctionExists.c.o  -o cmTC_ce145 -rdynamic -lpthreads 
/usr/bin/ld: cannot find -lpthreads
collect2: error: ld returned 1 exit status
CMakeFiles/cmTC_ce145.dir/build.make:97: recipe for target 'cmTC_ce145' failed
make[1]: *** [cmTC_ce145] Error 1
make[1]: Leaving directory '/home/chenshengchen/New_lamp_control/rdl_ws/build/CMakeFiles/CMakeTmp'
Makefile:126: recipe for target 'cmTC_ce145/fast' failed
make: *** [cmTC_ce145/fast] Error 2


